2026-07-13T23:54:04,198 [main] INFO  (EndToEndAPITestt.java:31) - e2eAPIRequest test execution started...
2026-07-13T23:54:05,902 [main] INFO  (RestAssuredListener.java:23) - 
 Method =>POST
 URI => https://restful-booker.herokuapp.com/booking
 Request body => {
    "firstname": "api testing",
    "lastname": "tutorial",
    "totalprice": 1000,
    "depositpaid": true,
    "bookingdates": {
        "checkin": "2018-01-01",
        "checkout": "2019-01-01"
    },
    "additionalneeds": "super bowls"
}
 Response body => {
    "bookingid": 1846,
    "booking": {
        "firstname": "api testing",
        "lastname": "tutorial",
        "totalprice": 1000,
        "depositpaid": true,
        "bookingdates": {
            "checkin": "2018-01-01",
            "checkout": "2019-01-01"
        },
        "additionalneeds": "super bowls"
    }
}
2026-07-13T23:54:07,271 [main] INFO  (RestAssuredListener.java:23) - 
 Method =>GET
 URI => https://restful-booker.herokuapp.com/booking/1846
 Request body => null
 Response body => {
    "firstname": "api testing",
    "lastname": "tutorial",
    "totalprice": 1000,
    "depositpaid": true,
    "bookingdates": {
        "checkin": "2018-01-01",
        "checkout": "2019-01-01"
    },
    "additionalneeds": "super bowls"
}
2026-07-13T23:54:08,473 [main] INFO  (RestAssuredListener.java:23) - 
 Method =>POST
 URI => https://restful-booker.herokuapp.com/auth
 Request body => {
    "username":"admin",
    "password":"password123"

}
 Response body => {
    "token": "fe8225c92d83007"
}
2026-07-13T23:54:09,729 [main] INFO  (RestAssuredListener.java:23) - 
 Method =>PUT
 URI => https://restful-booker.herokuapp.com/booking/1846
 Request body => {
    "firstname": "PutUpdate",
    "lastname": "Selenium C#",
    "totalprice": 111,
    "depositpaid": true,
    "bookingdates": {
        "checkin": "2018-01-01",
        "checkout": "2019-01-01"
    },
    "additionalneeds": "super bowls"
}
 Response body => {
    "firstname": "PutUpdate",
    "lastname": "Selenium C#",
    "totalprice": 111,
    "depositpaid": true,
    "bookingdates": {
        "checkin": "2018-01-01",
        "checkout": "2019-01-01"
    },
    "additionalneeds": "super bowls"
}
2026-07-13T23:54:11,159 [main] INFO  (RestAssuredListener.java:23) - 
 Method =>PATCH
 URI => https://restful-booker.herokuapp.com/booking/1846
 Request body => {
    "firstname": "PatchUpdate"
}
 Response body => {
    "firstname": "PatchUpdate",
    "lastname": "Selenium C#",
    "totalprice": 111,
    "depositpaid": true,
    "bookingdates": {
        "checkin": "2018-01-01",
        "checkout": "2019-01-01"
    },
    "additionalneeds": "super bowls"
}
2026-07-13T23:54:12,553 [main] INFO  (RestAssuredListener.java:23) - 
 Method =>DELETE
 URI => https://restful-booker.herokuapp.com/booking/1846
 Request body => null
 Response body => Created
2026-07-13T23:54:12,553 [main] INFO  (EndToEndAPITestt.java:160) - e2eAPIRequest test execution Ended...
